#
# There is insufficient memory for the Java Runtime Environment to continue.
# Native memory allocation (malloc) failed to allocate 1048576 bytes for AllocateHeap
# Possible reasons:
#   The system is out of physical RAM or swap space
#   The process is running with CompressedOops enabled, and the Java Heap may be blocking the growth of the native heap
# Possible solutions:
#   Reduce memory load on the system
#   Increase physical memory or swap space
#   Check if swap backing store is full
#   Decrease Java heap size (-Xmx/-Xms)
#   Decrease number of Java threads
#   Decrease Java thread stack sizes (-Xss)
#   Set larger code cache with -XX:ReservedCodeCacheSize=
#   JVM is running with Unscaled Compressed Oops mode in which the Java heap is
#     placed in the first 4GB address space. The Java Heap base address is the
#     maximum limit for the native heap growth. Please use -XX:HeapBaseMinAddress
#     to set the Java Heap base and to place the Java Heap above 4GB virtual address.
# This output file may be truncated or incomplete.
#
#  Out of Memory Error (memory/allocation.inline.hpp:61), pid=6828, tid=0x0000000000002908
#
# JRE version:  (8.0_202-b39) (build )
# Java VM: OpenJDK 64-Bit Server VM (25.202-b39 mixed mode windows-amd64 compressed oops)
# Failed to write core dump. Minidumps are not enabled by default on client versions of Windows
#

---------------  T H R E A D  ---------------

Current thread (0x0000000003252800):  JavaThread "Unknown thread" [_thread_in_vm, id=10504, stack(0x0000000003150000,0x0000000003250000)]

Stack: [0x0000000003150000,0x0000000003250000]
[error occurred during error reporting (printing stack bounds), id 0xc0000005]

Native frames: (J=compiled Java code, j=interpreted, Vv=VM code, C=native code)


---------------  P R O C E S S  ---------------

Java Threads: ( => current thread )

Other Threads:

=>0x0000000003252800 (exited) JavaThread "Unknown thread" [_thread_in_vm, id=10504, stack(0x0000000003150000,0x0000000003250000)]

VM state:not at safepoint (normal execution)

VM Mutex/Monitor currently owned by a thread: None

heap address: 0x0000000081800000, size: 2024 MB, Compressed Oops mode: 32-bit
Narrow klass base: 0x0000000000000000, Narrow klass shift: 3
Compressed class space size: 1073741824 Address: 0x0000000100000000

Heap:
 PSYoungGen      total 38400K, used 665K [0x00000000d5d80000, 0x00000000d8800000, 0x0000000100000000)
  eden space 33280K, 2% used [0x00000000d5d80000,0x00000000d5e26670,0x00000000d7e00000)
  from space 5120K, 0% used [0x00000000d8300000,0x00000000d8300000,0x00000000d8800000)
  to   space 5120K, 0% used [0x00000000d7e00000,0x00000000d7e00000,0x00000000d8300000)
 ParOldGen       total 87552K, used 0K [0x0000000081800000, 0x0000000086d80000, 0x00000000d5d80000)
  object space 87552K, 0% used [0x0000000081800000,0x0000000081800000,0x0000000086d80000)
 Metaspace       used 777K, capacity 4480K, committed 4480K, reserved 1056768K
  class space    used 74K, capacity 384K, committed 384K, reserved 1048576K

Card table byte_map: [0x0000000012710000,0x0000000012b10000] byte_map_base: 0x0000000012304000

Marking Bits: (ParMarkBitMap*) 0x0000000072e69f30
 Begin Bits: [0x00000000135c0000, 0x0000000015560000)
 End Bits:   [0x0000000015560000, 0x0000000017500000)

Polling page: 0x0000000001320000

CodeCache: size=245760Kb used=328Kb max_used=328Kb free=245431Kb
 bounds [0x0000000003350000, 0x00000000035c0000, 0x0000000012350000]
 total_blobs=57 nmethods=0 adapters=38
 compilation: enabled

Compilation events (0 events):
No events

GC Heap History (0 events):
No events

Deoptimization events (0 events):
No events

Classes redefined (0 events):
No events

Internal exceptions (0 events):
No events

Events (10 events):
Event: 0.027 loading class java/lang/Short
Event: 0.027 loading class java/lang/Short done
Event: 0.027 loading class java/lang/Integer
Event: 0.027 loading class java/lang/Integer done
Event: 0.027 loading class java/lang/Long
Event: 0.027 loading class java/lang/Long done
Event: 0.028 loading class java/lang/NullPointerException
Event: 0.028 loading class java/lang/NullPointerException done
Event: 0.028 loading class java/lang/ArithmeticException
Event: 0.028 loading class java/lang/ArithmeticException done


Dynamic libraries:
0x00007ff78e480000 - 0x00007ff78e4b1000 	C:\Program Files\JetBrains\IntelliJ IDEA 2019.1\jre64\bin\java.exe
0x00007ffef94b0000 - 0x00007ffef9691000 	C:\WINDOWS\SYSTEM32\ntdll.dll
0x00007ffef82d0000 - 0x00007ffef8381000 	C:\WINDOWS\System32\KERNEL32.DLL
0x00007ffef6420000 - 0x00007ffef6693000 	C:\WINDOWS\System32\KERNELBASE.dll
0x00007ffef8e80000 - 0x00007ffef8f21000 	C:\WINDOWS\System32\ADVAPI32.dll
0x00007ffef8de0000 - 0x00007ffef8e7e000 	C:\WINDOWS\System32\msvcrt.dll
0x00007ffef8390000 - 0x00007ffef83eb000 	C:\WINDOWS\System32\sechost.dll
0x00007ffef8460000 - 0x00007ffef8584000 	C:\WINDOWS\System32\RPCRT4.dll
0x00007ffef9130000 - 0x00007ffef92c0000 	C:\WINDOWS\System32\USER32.dll
0x00007ffef6300000 - 0x00007ffef6320000 	C:\WINDOWS\System32\win32u.dll
0x00007ffef82a0000 - 0x00007ffef82c8000 	C:\WINDOWS\System32\GDI32.dll
0x00007ffef66f0000 - 0x00007ffef6881000 	C:\WINDOWS\System32\gdi32full.dll
0x00007ffef6890000 - 0x00007ffef692f000 	C:\WINDOWS\System32\msvcp_win.dll
0x00007ffef6320000 - 0x00007ffef6418000 	C:\WINDOWS\System32\ucrtbase.dll
0x00007ffee6140000 - 0x00007ffee63a9000 	C:\WINDOWS\WinSxS\amd64_microsoft.windows.common-controls_6595b64144ccf1df_6.0.17134.1488_none_d4038d277c8d0b7d\COMCTL32.dll
0x00007ffef6930000 - 0x00007ffef6c51000 	C:\WINDOWS\System32\combase.dll
0x00007ffef5860000 - 0x00007ffef58d9000 	C:\WINDOWS\System32\bcryptPrimitives.dll
0x00007ffef8d00000 - 0x00007ffef8d2d000 	C:\WINDOWS\System32\IMM32.DLL
0x00000000725c0000 - 0x0000000072692000 	C:\Program Files\JetBrains\IntelliJ IDEA 2019.1\jre64\bin\msvcr100.dll
0x00000000726a0000 - 0x0000000072ee6000 	C:\Program Files\JetBrains\IntelliJ IDEA 2019.1\jre64\bin\server\jvm.dll
0x00007ffef83f0000 - 0x00007ffef83f8000 	C:\WINDOWS\System32\PSAPI.DLL
0x00007ffef1bd0000 - 0x00007ffef1bf3000 	C:\WINDOWS\SYSTEM32\WINMM.dll
0x00007ffef3b80000 - 0x00007ffef3b89000 	C:\WINDOWS\SYSTEM32\WSOCK32.dll
0x00007ffef6d50000 - 0x00007ffef6dbc000 	C:\WINDOWS\System32\WS2_32.dll
0x00007ffeeb250000 - 0x00007ffeeb25a000 	C:\WINDOWS\SYSTEM32\VERSION.dll
0x00007ffef1ba0000 - 0x00007ffef1bca000 	C:\WINDOWS\SYSTEM32\WINMMBASE.dll
0x00007ffef66a0000 - 0x00007ffef66e9000 	C:\WINDOWS\System32\cfgmgr32.dll
0x00007ffef2220000 - 0x00007ffef222f000 	C:\Program Files\JetBrains\IntelliJ IDEA 2019.1\jre64\bin\verify.dll
0x00007ffee56a0000 - 0x00007ffee56c9000 	C:\Program Files\JetBrains\IntelliJ IDEA 2019.1\jre64\bin\java.dll
0x00007ffee4d40000 - 0x00007ffee4d56000 	C:\Program Files\JetBrains\IntelliJ IDEA 2019.1\jre64\bin\zip.dll

VM Arguments:
java_command: org.jetbrains.git4idea.http.GitAskPassApp Username for 'https://github.com': 
java_class_path (initial): C:/Program Files/JetBrains/IntelliJ IDEA 2019.1/plugins/git4idea/lib/git4idea-rt.jar;C:/Program Files/JetBrains/IntelliJ IDEA 2019.1/lib/xmlrpc-2.0.1.jar;C:/Program Files/JetBrains/IntelliJ IDEA 2019.1/lib/commons-codec-1.10.jar;C:/Program Files/JetBrains/IntelliJ IDEA 2019.1/lib/util.jar
Launcher Type: SUN_STANDARD

Environment Variables:
JAVA_HOME=C:\Program Files\Java\jdk1.8.0_111
PATH=C:\Program Files\Git\mingw64/libexec/git-core;C:\Program Files\Git\mingw64/libexec/git-core;C:\Program Files\Git\mingw64\bin;C:\Program Files\Git\usr\bin;C:\Users\necso\bin;D:\Microsoft MPI\Bin\;C:\ProgramData\Oracle\Java\javapath;C:\WINDOWS\system32;C:\WINDOWS;C:\WINDOWS\System32\Wbem;C:\WINDOWS\System32\WindowsPowerShell\v1.0\;C:\Program Files (x86)\NVIDIA Corporation\PhysX\Common;C:\WINDOWS\system32;C:\WINDOWS;C:\WINDOWS\System32\Wbem;C:\WINDOWS\System32\WindowsPowerShell\v1.0\;C:\Program Files\Git\cmd;C:\WINDOWS\System32\OpenSSH\;C:\Program Files\NVIDIA Corporation\NVIDIA NvDLISR;C:\Gradle\bin;C:\Program Files\dotnet\;C:\TDM-GCC-64\bin;C:\ProgramData\chocolatey\bin;C:\Program Files\nodejs\;C:\Users\necso\AppData\Local\Microsoft\WindowsApps;C:\Users\necso\AppData\Local\Microsoft\WindowsApps;C:\Users\necso\Desktop\clisp-2.49;C:\Users\necso\AppData\Roaming\npm;c:\Users\necso\AppData\Local\Android\Sdk\platform-tools;C:\Program Files\Java\jdk1.8.0_111\bin;D:\heroku\bin;C:\adb;C:\Program Files\PuTTY\;C:\Users\necso\AppData\Local\Microsoft\WindowsApps;C:\Users\necso\AppData\Local\Microsoft\WindowsApps;C:\Users\necso\Desktop\clisp-2.49;C:\Users\necso\AppData\Roaming\npm;c:\Users\necso\AppData\Local\Android\Sdk\platform-tools;C:\Program Files\Java\jdk1.8.0_111\bin;D:\heroku\bin;D:\Flex\bin;D:\Bison\bin;D:\MiKTeX 2.9\miktex\bin\x64\
USERNAME=admin
DISPLAY=:0.0
OS=Windows_NT
PROCESSOR_IDENTIFIER=Intel64 Family 6 Model 94 Stepping 3, GenuineIntel



---------------  S Y S T E M  ---------------

OS: Windows 10.0 , 64 bit Build 17134 (10.0.17134.1425)

CPU:total 8 (initial active 8) (4 cores per cpu, 2 threads per core) family 6 model 94 stepping 3, cmov, cx8, fxsr, mmx, sse, sse2, sse3, ssse3, sse4.1, sse4.2, popcnt, avx, avx2, clmul, erms, rtm, 3dnowpref, lzcnt, ht, tsc, tscinvbit, bmi1, bmi2, adx

Memory: 4k page, physical 8284700k(757120k free), swap 17257744k(6080k free)

vm_info: OpenJDK 64-Bit Server VM (25.202-b39) for windows-amd64 JRE (1.8.0_202-release-1483-b39), built on Mar  7 2019 22:58:46 by "builduser" with MS VC++ 10.0 (VS2010)

time: Thu May 21 23:51:50 2020
timezone: GTB Daylight Time
elapsed time: 0 seconds (0d 0h 0m 0s)

